TN:
SF:src/fetchLinearTicket.ts
FN:30,fetchLinearTicket
FNF:1
FNH:1
FNDA:4,fetchLinearTicket
DA:1,2
DA:2,2
DA:30,2
DA:34,4
DA:35,4
DA:36,4
DA:37,4
DA:38,4
DA:70,3
DA:71,3
DA:73,3
DA:74,3
DA:76,3
DA:77,1
DA:78,1
DA:79,1
DA:82,2
DA:83,1
DA:84,1
DA:85,1
DA:88,1
DA:89,1
DA:91,1
DA:92,1
DA:93,1
DA:94,1
LF:26
LH:26
BRDA:76,0,0,1
BRDA:82,1,0,1
BRDA:82,2,0,0
BRDA:82,2,1,2
BRDA:82,3,0,2
BRDA:82,3,1,2
BRF:6
BRH:5
end_of_record
TN:
SF:src/getLinearTickets.ts
FN:21,getLinearTickets
FNF:1
FNH:1
FNDA:4,getLinearTickets
DA:1,1
DA:2,1
DA:21,1
DA:25,4
DA:26,4
DA:29,4
DA:31,9
DA:32,9
DA:34,6
DA:35,6
DA:36,6
DA:37,4
DA:38,4
DA:39,4
DA:40,4
DA:41,3
DA:44,0
DA:50,4
LF:18
LH:17
BRDA:32,0,0,3
BRDA:36,1,0,4
BRDA:40,2,0,3
BRF:3
BRH:3
end_of_record
